<?xml version="1.0" encoding="UTF-8"?>
<testsuites name="Google" time="8.512" tests="1" failures="0" errors="0">
   <testsuite name="Google" tests="1" failures="0" errors="0" time="8.512" skipped="0" timestamp="08-01-2025T14:36:09" hostname="User 9 - LAPTOP-5URDJLRS" id="Test Suites/Google">
      <properties>
         <property name="deviceName" value=""/>
         <property name="devicePlatform"/>
         <property name="logFolder" value="C:\\Users\\User 9\\git\\Automation\\Reports\\20250108_143552\\Google\\20250108_143552"/>
         <property name="logFiles" value="C:\\Users\\User 9\\git\\Automation\\Reports\\20250108_143552\\Google\\20250108_143552\\execution0.log"/>
         <property name="attachments" value=""/>
         <property name="hostName" value="User 9 - LAPTOP-5URDJLRS"/>
         <property name="os" value="Windows 11 64bit"/>
         <property name="katalonVersion" value="10.0.1.223"/>
         <property name="browser" value="Chrome 131.0.0.0"/>
         <property name="hostAddress" value="10.20.55.191"/>
         <property name="sessionId" value="d094ea5826e6021aaf6cb0e5d8244e29"/>
         <property name="seleniumVersion" value="4.22.0"/>
         <property name="proxyInformation" value="ProxyInformation { proxyOption=NO_PROXY, proxyServerType=HTTP, username=, password=********, proxyServerAddress=, proxyServerPort=0, executionList=&quot;&quot;, isApplyToDesiredCapabilities=true }"/>
         <property name="platform" value="Windows 11"/>
      </properties>
      <testcase name="Test Cases/google" time="8.324" classname="Test Cases/google" status="PASSED">
         <system-out><![CDATA[08-01-2025T14:36:09 - [TEST_CASE][PASSED] - Test Cases/google: Test Cases/google

08-01-2025T14:36:09 - [TEST_STEP][PASSED] - openBrowser(""): Browser is opened with url: ''

08-01-2025T14:36:09 - [MESSAGE][INFO] - Starting 'Chrome' driver

08-01-2025T14:36:09 - [MESSAGE][INFO] - Action delay is set to 0 milliseconds

08-01-2025T14:36:11 - [MESSAGE][PASSED] - Browser is opened with url: ''

08-01-2025T14:36:11 - [TEST_STEP][PASSED] - navigateToUrl("https://www.google.com/"): Navigate to 'https://www.google.com/' successfully

08-01-2025T14:36:12 - [MESSAGE][PASSED] - Navigate to 'https://www.google.com/' successfully

08-01-2025T14:36:12 - [TEST_STEP][PASSED] - setText(findTestObject("Object Repository/Google/Page_Google/textarea_Sign in_q"), "genshin impact archons"): Text 'genshin impact archons' is set on object 'Object Repository/Google/Page_Google/textarea_Sign in_q'

08-01-2025T14:36:13 - [MESSAGE][PASSED] - Text 'genshin impact archons' is set on object 'Object Repository/Google/Page_Google/textarea_Sign in_q'

08-01-2025T14:36:13 - [TEST_STEP][PASSED] - click(findTestObject("Object Repository/Google/Page_Google/span_genshin impact archons")): Object: 'Object Repository/Google/Page_Google/span_genshin impact archons' is clicked on

08-01-2025T14:36:14 - [MESSAGE][PASSED] - Object: 'Object Repository/Google/Page_Google/span_genshin impact archons' is clicked on

08-01-2025T14:36:14 - [TEST_STEP][PASSED] - click(findTestObject("Object Repository/Google/Page_genshin impact archons - Google Search/div_15 moreShow less")): Object: 'Object Repository/Google/Page_genshin impact archons - Google Search/div_15 moreShow less' is clicked on

08-01-2025T14:36:17 - [MESSAGE][PASSED] - Object: 'Object Repository/Google/Page_genshin impact archons - Google Search/div_15 moreShow less' is clicked on

08-01-2025T14:36:17 - [TEST_STEP][PASSED] - closeBrowser(): Browser is closed

08-01-2025T14:36:17 - [MESSAGE][PASSED] - Browser is closed]]></system-out>
         <system-err><![CDATA[]]></system-err>
      </testcase>
      <system-out><![CDATA[08-01-2025T14:36:09 - [TEST_SUITE][PASSED] - Google: Test Cases/google]]></system-out>
      <system-err><![CDATA[]]></system-err>
   </testsuite>
</testsuites>
